android/odds-overlay/app/build/intermediates/manifest_merge_blame_file/release/processReleaseMainManifest/manifest-merger-blame-release-report.txt
1<?xml version="1.0" encoding="utf-8"?>
2<manifest xmlns:android="http://schemas.android.com/apk/res/android"
3    package="com.webdevbar.oddsoverlay"
4    android:versionCode="1"
5    android:versionName="1.0" >
6
7    <uses-sdk
8        android:minSdkVersion="26"
9        android:targetSdkVersion="33" />
10
11    <uses-permission android:name="android.permission.SYSTEM_ALERT_WINDOW" />
11-->src/main/AndroidManifest.xml:4:5-77
11-->src/main/AndroidManifest.xml:4:22-75
12    <uses-permission android:name="android.permission.FOREGROUND_SERVICE" />
12-->src/main/AndroidManifest.xml:5:5-76
12-->src/main/AndroidManifest.xml:5:22-74
13    <uses-permission android:name="android.permission.POST_NOTIFICATIONS" />
13-->src/main/AndroidManifest.xml:6:5-76
13-->src/main/AndroidManifest.xml:6:22-74
14
15    <application
15-->src/main/AndroidManifest.xml:8:5-18:19
16        android:extractNativeLibs="false"
17        android:icon="@android:drawable/ic_dialog_info"
17-->src/main/AndroidManifest.xml:8:47-94
18        android:label="Odds Overlay" >
18-->src/main/AndroidManifest.xml:8:18-46
19
20        <!--
21             exported: or the shell cannot start it - components without an intent filter
22             default to private on Android 12+.
23             permission: DUMP is signature-or-privileged, so no ordinary app can hold it
24             and the adb shell does. Without it, exported means ANY app on the device can
25             paint arbitrary text across the bottom of the screen.
26        -->
27        <service
27-->src/main/AndroidManifest.xml:14:9-17:59
28            android:name="com.webdevbar.oddsoverlay.OverlayService"
28-->src/main/AndroidManifest.xml:15:13-43
29            android:exported="true"
29-->src/main/AndroidManifest.xml:16:13-36
30            android:permission="android.permission.DUMP" />
30-->src/main/AndroidManifest.xml:17:13-57
31    </application>
32
33</manifest>